C51 COMPILER V9.00   MAIN                                                                  10/17/2017 19:27:18 PAGE 1   


C51 COMPILER V9.00, COMPILATION OF MODULE MAIN
OBJECT MODULE PLACED IN main.OBJ
COMPILER INVOKED BY: C:\Keil\C51\BIN\C51.EXE main.c BROWSE DEBUG OBJECTEXTEND

line level    source

   1          #include <reg52.h>
   2          #include <c51_delay.h>
   3          
   4          sbit S_TRIG=P2^0;
   5          sbit S_ECHO=P2^1;
   6          #include <ultrasonic_sensor.h>
   7          
   8          // Define used pins
   9          sbit MOTOR1_A = P1^1;
  10          sbit MOTOR1_B = P1^0;
  11          sbit MOTOR1_EN = P1^4;
  12          
  13          sbit MOTOR2_A = P1^3;
  14          sbit MOTOR2_B = P1^2;
  15          sbit MOTOR2_EN = P1^5;
  16          
  17          // car movement
  18          void car_init(void);
  19          void move_forward(void);
  20          void move_backward(void);
  21          void move_stop(void);
  22          void move_disable(void);
  23          
  24          
  25          // car rotate
  26          void rotate_right(void);
  27          void rotate_left(void);
  28          void rotate_disable(void);
  29          
  30          
  31          void main(void)
  32          {
  33   1      unsigned int distance = 0;
  34   1         car_init();  
  35   1      
  36   1               move_forward();
  37   1                delay_ms(2000);
  38   1         while(1)
  39   1         {
  40   2                /*
  41   2                // drift! ;)
  42   2                move_forward();
  43   2      
  44   2                delay_ms(3000);
  45   2            rotate_right();
  46   2                delay_ms(250);
  47   2                rotate_left();
  48   2                delay_ms(150);
  49   2                rotate_right();
  50   2                delay_ms(50);
  51   2                rotate_left();
  52   2                delay_ms(500);
  53   2                rotate_disable();
  54   2                        delay_ms(1000);
  55   2                move_stop();
C51 COMPILER V9.00   MAIN                                                                  10/17/2017 19:27:18 PAGE 2   

  56   2      
  57   2                delay_ms(1000);       */
  58   2      
  59   2                move_forward();
  60   2                delay_ms(100);
  61   2                distance = measureDistanceCm();
  62   2                if ((distance < 50) || (distance > 350))
  63   2                {
  64   3                       move_stop();
  65   3                       delay_ms(500);
  66   3                       rotate_right();
  67   3                       move_backward();
  68   3                      delay_ms(1000);
  69   3                        rotate_disable();
  70   3                        move_stop();
  71   3                        delay_ms(1000);
  72   3                }
  73   2      
  74   2      
  75   2         }
  76   1      }
  77          
  78          void car_init(void)
  79          {
  80   1          // init motors
  81   1          move_forward();
  82   1              move_backward();
  83   1              move_stop();
  84   1              rotate_right();
  85   1              rotate_left();
  86   1              // disable all
  87   1              move_disable();
  88   1              rotate_disable();
  89   1      }
  90          
  91          void move_forward(void)
  92          {
  93   1               // move forward
  94   1               MOTOR1_A = 0; 
  95   1               MOTOR1_B = 1;
  96   1               MOTOR1_EN = 1;
  97   1      }
  98          
  99          void move_backward(void)
 100          {
 101   1                 // move backward
 102   1                 MOTOR1_A = 1;
 103   1                 MOTOR1_B = 0;
 104   1                 MOTOR1_EN = 1;   
 105   1      }
 106          
 107          void move_stop(void)
 108          {
 109   1                 // stop it!
 110   1                 MOTOR1_A = 0;
 111   1                 MOTOR1_B = 0;
 112   1                 MOTOR1_EN = 1;   
 113   1      }
 114          
 115          void move_disable(void)
 116          {
 117   1          MOTOR1_A = 0;
C51 COMPILER V9.00   MAIN                                                                  10/17/2017 19:27:18 PAGE 3   

 118   1              MOTOR1_B = 0;
 119   1              MOTOR1_EN = 0;
 120   1      }
 121          
 122          void rotate_right(void)
 123          {
 124   1           MOTOR2_A = 1; 
 125   1               MOTOR2_B = 0;
 126   1               MOTOR2_EN = 1;
 127   1      }
 128          
 129          void rotate_left(void)
 130          {
 131   1           MOTOR2_A = 0; 
 132   1               MOTOR2_B = 1;
 133   1               MOTOR2_EN = 1;
 134   1      }
 135          
 136          void rotate_disable(void)
 137          {
 138   1         // stop it!
 139   1                 MOTOR2_A = 0;
 140   1                 MOTOR2_B = 0;
 141   1                 MOTOR2_EN = 0; 
 142   1      }
 143          


MODULE INFORMATION:   STATIC OVERLAYABLE
   CODE SIZE        =    299    ----
   CONSTANT SIZE    =   ----    ----
   XDATA SIZE       =   ----    ----
   PDATA SIZE       =   ----    ----
   DATA SIZE        =   ----       2
   IDATA SIZE       =   ----    ----
   BIT SIZE         =   ----    ----
END OF MODULE INFORMATION.


C51 COMPILATION COMPLETE.  0 WARNING(S),  0 ERROR(S)
